chunk-GKJBSOWT.js?v=ba95c3f6:21551 Download the React DevTools for a better development experience: https://reactjs.org/link/react-devtools
chunk-GKJBSOWT.js?v=ba95c3f6:16670 Uncaught ReferenceError: callback is not defined
    at Object.onAuthStateChange (supabaseClient.ts:133:46)
    at UniversalDesktop.tsx:700:54
    at commitHookEffectListMount (chunk-GKJBSOWT.js?v=ba95c3f6:16915:34)
    at commitPassiveMountOnFiber (chunk-GKJBSOWT.js?v=ba95c3f6:18156:19)
    at commitPassiveMountEffects_complete (chunk-GKJBSOWT.js?v=ba95c3f6:18129:17)
    at commitPassiveMountEffects_begin (chunk-GKJBSOWT.js?v=ba95c3f6:18119:15)
    at commitPassiveMountEffects (chunk-GKJBSOWT.js?v=ba95c3f6:18109:11)
    at flushPassiveEffectsImpl (chunk-GKJBSOWT.js?v=ba95c3f6:19490:11)
    at flushPassiveEffects (chunk-GKJBSOWT.js?v=ba95c3f6:19447:22)
    at chunk-GKJBSOWT.js?v=ba95c3f6:19328:17
onAuthStateChange @ supabaseClient.ts:133
(anonymous) @ UniversalDesktop.tsx:700
commitHookEffectListMount @ chunk-GKJBSOWT.js?v=ba95c3f6:16915
commitPassiveMountOnFiber @ chunk-GKJBSOWT.js?v=ba95c3f6:18156
commitPassiveMountEffects_complete @ chunk-GKJBSOWT.js?v=ba95c3f6:18129
commitPassiveMountEffects_begin @ chunk-GKJBSOWT.js?v=ba95c3f6:18119
commitPassiveMountEffects @ chunk-GKJBSOWT.js?v=ba95c3f6:18109
flushPassiveEffectsImpl @ chunk-GKJBSOWT.js?v=ba95c3f6:19490
flushPassiveEffects @ chunk-GKJBSOWT.js?v=ba95c3f6:19447
(anonymous) @ chunk-GKJBSOWT.js?v=ba95c3f6:19328
workLoop @ chunk-GKJBSOWT.js?v=ba95c3f6:197
flushWork @ chunk-GKJBSOWT.js?v=ba95c3f6:176
performWorkUntilDeadline @ chunk-GKJBSOWT.js?v=ba95c3f6:384
chunk-GKJBSOWT.js?v=ba95c3f6:16670 Uncaught ReferenceError: callback is not defined
    at Object.onAuthStateChange (supabaseClient.ts:133:46)
    at UniversalDesktop.tsx:700:54
    at commitHookEffectListMount (chunk-GKJBSOWT.js?v=ba95c3f6:16915:34)
    at invokePassiveEffectMountInDEV (chunk-GKJBSOWT.js?v=ba95c3f6:18324:19)
    at invokeEffectsInDev (chunk-GKJBSOWT.js?v=ba95c3f6:19701:19)
    at commitDoubleInvokeEffectsInDEV (chunk-GKJBSOWT.js?v=ba95c3f6:19686:15)
    at flushPassiveEffectsImpl (chunk-GKJBSOWT.js?v=ba95c3f6:19503:13)
    at flushPassiveEffects (chunk-GKJBSOWT.js?v=ba95c3f6:19447:22)
    at chunk-GKJBSOWT.js?v=ba95c3f6:19328:17
    at workLoop (chunk-GKJBSOWT.js?v=ba95c3f6:197:42)
onAuthStateChange @ supabaseClient.ts:133
(anonymous) @ UniversalDesktop.tsx:700
commitHookEffectListMount @ chunk-GKJBSOWT.js?v=ba95c3f6:16915
invokePassiveEffectMountInDEV @ chunk-GKJBSOWT.js?v=ba95c3f6:18324
invokeEffectsInDev @ chunk-GKJBSOWT.js?v=ba95c3f6:19701
commitDoubleInvokeEffectsInDEV @ chunk-GKJBSOWT.js?v=ba95c3f6:19686
flushPassiveEffectsImpl @ chunk-GKJBSOWT.js?v=ba95c3f6:19503
flushPassiveEffects @ chunk-GKJBSOWT.js?v=ba95c3f6:19447
(anonymous) @ chunk-GKJBSOWT.js?v=ba95c3f6:19328
workLoop @ chunk-GKJBSOWT.js?v=ba95c3f6:197
flushWork @ chunk-GKJBSOWT.js?v=ba95c3f6:176
performWorkUntilDeadline @ chunk-GKJBSOWT.js?v=ba95c3f6:384
chunk-GKJBSOWT.js?v=ba95c3f6:14032 The above error occurred in the <UniversalDesktop> component:

    at UniversalDesktop (http://localhost:3001/src/UniversalDesktop.tsx:801:33)

Consider adding an error boundary to your tree to customize error handling behavior.
Visit https://reactjs.org/link/error-boundaries to learn more about error boundaries.
logCapturedError @ chunk-GKJBSOWT.js?v=ba95c3f6:14032
update.callback @ chunk-GKJBSOWT.js?v=ba95c3f6:14052
callCallback @ chunk-GKJBSOWT.js?v=ba95c3f6:11248
commitUpdateQueue @ chunk-GKJBSOWT.js?v=ba95c3f6:11265
commitLayoutEffectOnFiber @ chunk-GKJBSOWT.js?v=ba95c3f6:17093
commitLayoutMountEffects_complete @ chunk-GKJBSOWT.js?v=ba95c3f6:17980
commitLayoutEffects_begin @ chunk-GKJBSOWT.js?v=ba95c3f6:17969
commitLayoutEffects @ chunk-GKJBSOWT.js?v=ba95c3f6:17920
commitRootImpl @ chunk-GKJBSOWT.js?v=ba95c3f6:19353
commitRoot @ chunk-GKJBSOWT.js?v=ba95c3f6:19277
performSyncWorkOnRoot @ chunk-GKJBSOWT.js?v=ba95c3f6:18895
flushSyncCallbacks @ chunk-GKJBSOWT.js?v=ba95c3f6:9119
flushPassiveEffectsImpl @ chunk-GKJBSOWT.js?v=ba95c3f6:19506
flushPassiveEffects @ chunk-GKJBSOWT.js?v=ba95c3f6:19447
(anonymous) @ chunk-GKJBSOWT.js?v=ba95c3f6:19328
workLoop @ chunk-GKJBSOWT.js?v=ba95c3f6:197
flushWork @ chunk-GKJBSOWT.js?v=ba95c3f6:176
performWorkUntilDeadline @ chunk-GKJBSOWT.js?v=ba95c3f6:384
chunk-GKJBSOWT.js?v=ba95c3f6:14032 The above error occurred in the <UniversalDesktop> component:

    at UniversalDesktop (http://localhost:3001/src/UniversalDesktop.tsx:801:33)

Consider adding an error boundary to your tree to customize error handling behavior.
Visit https://reactjs.org/link/error-boundaries to learn more about error boundaries.
logCapturedError @ chunk-GKJBSOWT.js?v=ba95c3f6:14032
update.callback @ chunk-GKJBSOWT.js?v=ba95c3f6:14052
callCallback @ chunk-GKJBSOWT.js?v=ba95c3f6:11248
commitUpdateQueue @ chunk-GKJBSOWT.js?v=ba95c3f6:11265
commitLayoutEffectOnFiber @ chunk-GKJBSOWT.js?v=ba95c3f6:17093
commitLayoutMountEffects_complete @ chunk-GKJBSOWT.js?v=ba95c3f6:17980
commitLayoutEffects_begin @ chunk-GKJBSOWT.js?v=ba95c3f6:17969
commitLayoutEffects @ chunk-GKJBSOWT.js?v=ba95c3f6:17920
commitRootImpl @ chunk-GKJBSOWT.js?v=ba95c3f6:19353
commitRoot @ chunk-GKJBSOWT.js?v=ba95c3f6:19277
performSyncWorkOnRoot @ chunk-GKJBSOWT.js?v=ba95c3f6:18895
flushSyncCallbacks @ chunk-GKJBSOWT.js?v=ba95c3f6:9119
flushPassiveEffectsImpl @ chunk-GKJBSOWT.js?v=ba95c3f6:19506
flushPassiveEffects @ chunk-GKJBSOWT.js?v=ba95c3f6:19447
(anonymous) @ chunk-GKJBSOWT.js?v=ba95c3f6:19328
workLoop @ chunk-GKJBSOWT.js?v=ba95c3f6:197
flushWork @ chunk-GKJBSOWT.js?v=ba95c3f6:176
performWorkUntilDeadline @ chunk-GKJBSOWT.js?v=ba95c3f6:384
chunk-GKJBSOWT.js?v=ba95c3f6:9129 Uncaught ReferenceError: callback is not defined
    at Object.onAuthStateChange (supabaseClient.ts:133:46)
    at UniversalDesktop.tsx:700:54
    at commitHookEffectListMount (chunk-GKJBSOWT.js?v=ba95c3f6:16915:34)
    at commitPassiveMountOnFiber (chunk-GKJBSOWT.js?v=ba95c3f6:18156:19)
    at commitPassiveMountEffects_complete (chunk-GKJBSOWT.js?v=ba95c3f6:18129:17)
    at commitPassiveMountEffects_begin (chunk-GKJBSOWT.js?v=ba95c3f6:18119:15)
    at commitPassiveMountEffects (chunk-GKJBSOWT.js?v=ba95c3f6:18109:11)
    at flushPassiveEffectsImpl (chunk-GKJBSOWT.js?v=ba95c3f6:19490:11)
    at flushPassiveEffects (chunk-GKJBSOWT.js?v=ba95c3f6:19447:22)
    at chunk-GKJBSOWT.js?v=ba95c3f6:19328:17
onAuthStateChange @ supabaseClient.ts:133
(anonymous) @ UniversalDesktop.tsx:700
commitHookEffectListMount @ chunk-GKJBSOWT.js?v=ba95c3f6:16915
commitPassiveMountOnFiber @ chunk-GKJBSOWT.js?v=ba95c3f6:18156
commitPassiveMountEffects_complete @ chunk-GKJBSOWT.js?v=ba95c3f6:18129
commitPassiveMountEffects_begin @ chunk-GKJBSOWT.js?v=ba95c3f6:18119
commitPassiveMountEffects @ chunk-GKJBSOWT.js?v=ba95c3f6:18109
flushPassiveEffectsImpl @ chunk-GKJBSOWT.js?v=ba95c3f6:19490
flushPassiveEffects @ chunk-GKJBSOWT.js?v=ba95c3f6:19447
(anonymous) @ chunk-GKJBSOWT.js?v=ba95c3f6:19328
workLoop @ chunk-GKJBSOWT.js?v=ba95c3f6:197
flushWork @ chunk-GKJBSOWT.js?v=ba95c3f6:176
performWorkUntilDeadline @ chunk-GKJBSOWT.js?v=ba95c3f6:384
